2023-08-31 17:54:11,922:INFO:enter pressed. circle:red
2023-08-31 17:54:17,997:INFO:enter pressed. circle:hidden
2023-08-31 17:54:39,074:INFO:enter pressed. circle:hidden
2023-08-31 17:54:45,623:INFO:enter pressed. circle:hidden
2023-08-31 17:57:49,558:INFO:enter pressed. circle:hidden
2023-08-31 17:58:01,579:INFO:enter pressed. circle:red
2023-08-31 17:58:13,753:INFO:enter pressed. circle:hidden
2023-08-31 17:58:22,681:INFO:enter pressed. circle:red
2023-08-31 17:58:34,809:INFO:enter pressed. circle:hidden
2023-08-31 17:58:52,891:INFO:enter pressed. circle:hidden
2023-08-31 17:59:05,021:INFO:enter pressed. circle:hidden
2023-08-31 17:59:32,104:INFO:enter pressed. circle:hidden
2023-08-31 17:59:38,137:INFO:enter pressed. circle:hidden
2023-08-31 18:00:08,319:INFO:enter pressed. circle:hidden
2023-08-31 18:00:26,449:INFO:enter pressed. circle:hidden
2023-08-31 18:00:56,591:INFO:enter pressed. circle:hidden
2023-08-31 18:01:02,641:INFO:enter pressed. circle:hidden
2023-08-31 18:01:08,841:INFO:enter pressed. circle:hidden
2023-08-31 18:01:35,809:INFO:enter pressed. circle:hidden
2023-08-31 18:01:48,051:INFO:enter pressed. circle:hidden
2023-08-31 18:01:54,015:INFO:enter pressed. circle:hidden
2023-08-31 18:02:09,063:INFO:enter pressed. circle:hidden
2023-08-31 18:02:20,799:DEBUG:[11, 15, 19, 22, 26, 32, 36, 45, 47, 57, 63, 73, 75, 77, 86, 90, 92, 97]

2023-08-31 18:07:11,488:INFO:enter pressed. circle:hidden
2023-08-31 18:07:23,520:INFO:enter pressed. circle:red
2023-08-31 18:07:38,635:INFO:enter pressed. circle:hidden
2023-08-31 18:07:53,731:INFO:enter pressed. circle:hidden
2023-08-31 18:07:59,803:INFO:enter pressed. circle:hidden
2023-08-31 18:08:26,942:INFO:enter pressed. circle:hidden
2023-08-31 18:09:06,154:INFO:enter pressed. circle:hidden
2023-08-31 18:09:27,233:INFO:enter pressed. circle:hidden
2023-08-31 18:09:36,306:INFO:enter pressed. circle:hidden
2023-08-31 18:09:42,434:INFO:enter pressed. circle:hidden
2023-08-31 18:09:57,497:INFO:enter pressed. circle:hidden
2023-08-31 18:10:12,568:INFO:enter pressed. circle:hidden
2023-08-31 18:10:45,768:INFO:enter pressed. circle:hidden
2023-08-31 18:11:27,967:INFO:enter pressed. circle:hidden
2023-08-31 18:11:36,668:DEBUG:[13, 17, 22, 27, 29, 38, 51, 58, 61, 63, 68, 73, 84, 98]

2023-08-31 18:35:46,149:INFO:enter pressed. circle:green
2023-08-31 18:35:49,124:INFO:enter pressed. circle:green
2023-08-31 18:35:52,129:INFO:enter pressed. circle:red
2023-08-31 18:35:55,161:INFO:enter pressed. circle:green
2023-08-31 18:35:58,309:INFO:enter pressed. circle:hidden
2023-08-31 18:36:01,204:INFO:enter pressed. circle:green
2023-08-31 18:36:07,575:INFO:enter pressed. circle:hidden
2023-08-31 18:36:10,310:INFO:enter pressed. circle:hidden
2023-08-31 18:36:13,378:INFO:enter pressed. circle:hidden
2023-08-31 18:36:16,380:INFO:enter pressed. circle:hidden
2023-08-31 18:36:22,419:INFO:enter pressed. circle:hidden
2023-08-31 18:36:28,539:INFO:enter pressed. circle:hidden
2023-08-31 18:36:31,895:INFO:enter pressed. circle:hidden
2023-08-31 18:36:34,470:INFO:enter pressed. circle:hidden
2023-08-31 18:36:37,476:INFO:enter pressed. circle:hidden
2023-08-31 18:36:40,602:INFO:enter pressed. circle:hidden
2023-08-31 18:36:43,597:INFO:enter pressed. circle:hidden
2023-08-31 18:36:52,566:INFO:enter pressed. circle:hidden
2023-08-31 18:36:55,506:INFO:enter pressed. circle:green
2023-08-31 18:36:58,548:INFO:enter pressed. circle:green
2023-08-31 18:37:01,642:INFO:enter pressed. circle:hidden
2023-08-31 18:37:04,656:INFO:enter pressed. circle:hidden
2023-08-31 18:37:10,665:INFO:enter pressed. circle:hidden
2023-08-31 18:37:13,622:INFO:enter pressed. circle:green
2023-08-31 18:37:16,611:INFO:enter pressed. circle:green
2023-08-31 18:37:19,717:INFO:enter pressed. circle:hidden
2023-08-31 18:37:25,680:INFO:enter pressed. circle:green
2023-08-31 18:37:31,679:INFO:enter pressed. circle:green
2023-08-31 18:37:34,716:INFO:enter pressed. circle:green
2023-08-31 18:37:37,725:INFO:enter pressed. circle:green
2023-08-31 18:37:40,742:INFO:enter pressed. circle:green
2023-08-31 18:37:43,845:INFO:enter pressed. circle:hidden
2023-08-31 18:37:49,890:INFO:enter pressed. circle:hidden
2023-08-31 18:37:52,872:INFO:enter pressed. circle:green
2023-08-31 18:37:55,897:INFO:enter pressed. circle:green
2023-08-31 18:37:58,921:INFO:enter pressed. circle:green
2023-08-31 18:38:01,885:INFO:enter pressed. circle:green
2023-08-31 18:38:04,908:INFO:enter pressed. circle:green
2023-08-31 18:38:07,913:INFO:enter pressed. circle:green
2023-08-31 18:38:11,099:INFO:enter pressed. circle:hidden
2023-08-31 18:38:14,045:INFO:enter pressed. circle:hidden
2023-08-31 18:38:16,963:INFO:enter pressed. circle:green
2023-08-31 18:38:20,014:INFO:enter pressed. circle:green
2023-08-31 18:38:23,098:INFO:enter pressed. circle:hidden
2023-08-31 18:38:26,042:INFO:enter pressed. circle:green
2023-08-31 18:38:29,081:INFO:enter pressed. circle:green
2023-08-31 18:38:32,041:INFO:enter pressed. circle:green
2023-08-31 18:38:35,068:INFO:enter pressed. circle:green
2023-08-31 18:38:38,091:INFO:enter pressed. circle:green
2023-08-31 18:38:41,112:INFO:enter pressed. circle:green
2023-08-31 18:38:47,217:INFO:enter pressed. circle:hidden
2023-08-31 18:38:50,277:INFO:enter pressed. circle:hidden
2023-08-31 18:38:53,199:INFO:enter pressed. circle:green
2023-08-31 18:38:59,471:INFO:enter pressed. circle:hidden
2023-08-31 18:39:05,284:INFO:enter pressed. circle:hidden
2023-08-31 18:39:08,357:INFO:enter pressed. circle:hidden
2023-08-31 18:39:14,294:INFO:enter pressed. circle:green
2023-08-31 18:39:17,752:INFO:enter pressed. circle:hidden
2023-08-31 18:39:20,570:INFO:enter pressed. circle:hidden
2023-08-31 18:39:26,424:INFO:enter pressed. circle:hidden
2023-08-31 18:39:29,393:INFO:enter pressed. circle:green
2023-08-31 18:39:32,368:INFO:enter pressed. circle:green
2023-08-31 18:39:35,484:INFO:enter pressed. circle:hidden
2023-08-31 18:39:38,987:INFO:enter pressed. circle:hidden
2023-08-31 18:39:44,467:INFO:enter pressed. circle:green
2023-08-31 18:39:47,511:INFO:enter pressed. circle:hidden
2023-08-31 18:39:50,494:INFO:enter pressed. circle:green
2023-08-31 18:39:53,588:INFO:enter pressed. circle:hidden
2023-08-31 18:39:56,544:INFO:enter pressed. circle:green
2023-08-31 18:39:59,619:INFO:enter pressed. circle:hidden
2023-08-31 18:40:02,624:INFO:enter pressed. circle:hidden
2023-08-31 18:40:05,636:INFO:enter pressed. circle:hidden
2023-08-31 18:40:08,773:INFO:enter pressed. circle:hidden
2023-08-31 18:40:11,634:INFO:enter pressed. circle:green
2023-08-31 18:40:14,641:INFO:enter pressed. circle:green
2023-08-31 18:40:21,122:INFO:enter pressed. circle:hidden
2023-08-31 18:40:23,782:INFO:enter pressed. circle:hidden
2023-08-31 18:40:26,731:INFO:enter pressed. circle:hidden
2023-08-31 18:40:29,753:INFO:enter pressed. circle:hidden
2023-08-31 18:40:35,907:INFO:enter pressed. circle:hidden
2023-08-31 18:40:38,778:INFO:enter pressed. circle:hidden
2023-08-31 18:40:41,841:INFO:enter pressed. circle:hidden
2023-08-31 18:40:44,495:DEBUG:[4, 8, 10, 13, 15, 23, 29, 34, 36, 42, 51, 61, 65, 67, 70, 74, 80, 88, 92, 97]

2023-08-31 18:42:54,353:INFO:enter pressed. circle:green
2023-08-31 18:42:57,381:INFO:enter pressed. circle:green
2023-08-31 18:43:00,338:INFO:enter pressed. circle:green
2023-08-31 18:43:03,360:INFO:enter pressed. circle:green
2023-08-31 18:43:06,769:INFO:enter pressed. circle:hidden
2023-08-31 18:43:09,570:INFO:enter pressed. circle:hidden
2023-08-31 18:43:12,455:INFO:enter pressed. circle:green
2023-08-31 18:43:15,403:INFO:enter pressed. circle:green
2023-08-31 18:43:18,471:INFO:enter pressed. circle:green
2023-08-31 18:43:21,520:INFO:enter pressed. circle:hidden
2023-08-31 18:43:24,556:INFO:enter pressed. circle:hidden
2023-08-31 18:43:27,529:INFO:enter pressed. circle:green
2023-08-31 18:43:30,516:INFO:enter pressed. circle:green
2023-08-31 18:43:33,564:INFO:enter pressed. circle:green
2023-08-31 18:43:36,576:INFO:enter pressed. circle:red
2023-08-31 18:43:39,595:INFO:enter pressed. circle:green
2023-08-31 18:43:42,583:INFO:enter pressed. circle:green
2023-08-31 18:43:45,611:INFO:enter pressed. circle:green
2023-08-31 18:43:48,640:INFO:enter pressed. circle:red
2023-08-31 18:43:51,633:INFO:enter pressed. circle:green
2023-08-31 18:43:54,634:INFO:enter pressed. circle:green
2023-08-31 18:43:57,715:INFO:enter pressed. circle:hidden
2023-08-31 18:44:03,821:INFO:enter pressed. circle:hidden
2023-08-31 18:44:06,749:INFO:enter pressed. circle:hidden
2023-08-31 18:44:09,754:INFO:enter pressed. circle:green
2023-08-31 18:44:12,755:INFO:enter pressed. circle:green
2023-08-31 18:44:15,905:INFO:enter pressed. circle:hidden
2023-08-31 18:44:22,044:INFO:enter pressed. circle:hidden
2023-08-31 18:44:28,057:INFO:enter pressed. circle:hidden
2023-08-31 18:44:33,958:INFO:enter pressed. circle:hidden
2023-08-31 18:44:36,936:INFO:enter pressed. circle:green
2023-08-31 18:44:39,985:INFO:enter pressed. circle:hidden
2023-08-31 18:44:42,997:INFO:enter pressed. circle:green
2023-08-31 18:44:46,002:INFO:enter pressed. circle:hidden
2023-08-31 18:44:52,029:INFO:enter pressed. circle:hidden
2023-08-31 18:44:57,992:INFO:enter pressed. circle:green
2023-08-31 18:45:01,206:INFO:enter pressed. circle:hidden
2023-08-31 18:45:04,173:INFO:enter pressed. circle:hidden
2023-08-31 18:45:07,280:INFO:enter pressed. circle:hidden
2023-08-31 18:45:10,195:INFO:enter pressed. circle:hidden
2023-08-31 18:45:13,091:INFO:enter pressed. circle:green
2023-08-31 18:45:16,143:INFO:enter pressed. circle:hidden
2023-08-31 18:45:22,151:INFO:enter pressed. circle:hidden
2023-08-31 18:45:25,219:INFO:enter pressed. circle:hidden
2023-08-31 18:45:28,348:INFO:enter pressed. circle:hidden
2023-08-31 18:45:31,215:INFO:enter pressed. circle:hidden
2023-08-31 18:45:34,378:INFO:enter pressed. circle:hidden
2023-08-31 18:45:40,301:INFO:enter pressed. circle:hidden
2023-08-31 18:45:43,277:INFO:enter pressed. circle:hidden
2023-08-31 18:45:46,264:INFO:enter pressed. circle:green
2023-08-31 18:45:49,320:INFO:enter pressed. circle:hidden
2023-08-31 18:45:52,361:INFO:enter pressed. circle:hidden
2023-08-31 18:45:55,346:INFO:enter pressed. circle:green
2023-08-31 18:45:58,343:INFO:enter pressed. circle:green
2023-08-31 18:46:04,363:INFO:enter pressed. circle:green
2023-08-31 18:46:07,446:INFO:enter pressed. circle:hidden
2023-08-31 18:46:10,435:INFO:enter pressed. circle:hidden
2023-08-31 18:46:16,495:INFO:enter pressed. circle:hidden
2023-08-31 18:46:19,482:INFO:enter pressed. circle:hidden
2023-08-31 18:46:22,483:INFO:enter pressed. circle:green
2023-08-31 18:46:25,471:INFO:enter pressed. circle:green
2023-08-31 18:46:28,532:INFO:enter pressed. circle:hidden
2023-08-31 18:46:31,550:INFO:enter pressed. circle:hidden
2023-08-31 18:46:34,542:INFO:enter pressed. circle:green
2023-08-31 18:46:37,562:INFO:enter pressed. circle:green
2023-08-31 18:46:40,604:INFO:enter pressed. circle:hidden
2023-08-31 18:46:46,589:INFO:enter pressed. circle:green
2023-08-31 18:46:49,639:INFO:enter pressed. circle:green
2023-08-31 18:46:55,651:INFO:enter pressed. circle:green
2023-08-31 18:47:01,663:INFO:enter pressed. circle:green
2023-08-31 18:47:04,696:INFO:enter pressed. circle:green
2023-08-31 18:47:07,694:INFO:enter pressed. circle:green
2023-08-31 18:47:10,799:INFO:enter pressed. circle:hidden
2023-08-31 18:47:13,755:INFO:enter pressed. circle:hidden
2023-08-31 18:47:16,840:INFO:enter pressed. circle:hidden
2023-08-31 18:47:19,955:INFO:enter pressed. circle:hidden
2023-08-31 18:47:22,781:INFO:enter pressed. circle:green
2023-08-31 18:47:25,835:INFO:enter pressed. circle:hidden
2023-08-31 18:47:28,803:INFO:enter pressed. circle:green
2023-08-31 18:47:31,827:INFO:enter pressed. circle:green
2023-08-31 18:47:38,084:INFO:enter pressed. circle:hidden
2023-08-31 18:47:44,041:INFO:enter pressed. circle:hidden
2023-08-31 18:47:46,985:INFO:enter pressed. circle:hidden
2023-08-31 18:47:49,959:INFO:enter pressed. circle:hidden
2023-08-31 18:47:52,963:INFO:enter pressed. circle:green
2023-08-31 18:47:55,704:DEBUG:[5, 15, 19, 23, 29, 31, 33, 39, 41, 49, 55, 63, 67, 77, 80, 82, 88, 94, 96]

2023-09-01 15:05:21,921:INFO:enter pressed. circle:hidden
2023-09-01 15:05:22,125:INFO:enter pressed. circle:hidden
2023-09-01 15:05:22,314:INFO:enter pressed. circle:hidden
2023-09-01 15:05:22,519:INFO:enter pressed. circle:hidden
2023-09-01 15:05:22,724:INFO:enter pressed. circle:hidden
2023-09-01 15:05:22,913:INFO:enter pressed. circle:hidden
2023-09-01 15:05:23,103:INFO:enter pressed. circle:hidden
2023-09-01 15:05:23,309:INFO:enter pressed. circle:hidden
2023-09-01 15:05:23,614:INFO:enter pressed. circle:hidden
2023-09-01 15:05:23,719:INFO:enter pressed. circle:hidden
2023-09-01 15:05:23,947:INFO:enter pressed. circle:green
2023-09-01 15:05:24,128:INFO:enter pressed. circle:green
2023-09-01 15:05:30,736:INFO:enter pressed. circle:hidden
2023-09-01 15:05:30,861:INFO:enter pressed. circle:hidden
2023-09-01 15:05:30,955:INFO:enter pressed. circle:hidden
2023-09-01 15:05:32,952:DEBUG:[]

2023-09-01 15:26:44,945:INFO:enter pressed. circle:hidden
2023-09-01 15:27:05,901:INFO:enter pressed. circle:red
2023-09-01 15:27:15,058:INFO:enter pressed. circle:hidden
2023-09-01 15:27:30,195:INFO:enter pressed. circle:hidden
2023-09-01 15:27:48,229:INFO:enter pressed. circle:hidden
2023-09-01 15:27:57,254:INFO:enter pressed. circle:hidden
2023-09-01 15:28:12,351:INFO:enter pressed. circle:hidden
2023-09-01 15:28:21,425:INFO:enter pressed. circle:hidden
2023-09-01 15:28:48,571:INFO:enter pressed. circle:hidden
2023-09-01 15:29:00,822:INFO:enter pressed. circle:hidden
2023-09-01 15:29:21,741:INFO:enter pressed. circle:hidden
2023-09-01 15:29:42,878:INFO:enter pressed. circle:hidden
2023-09-01 15:29:43,067:INFO:enter pressed. circle:hidden
2023-09-01 15:29:51,855:INFO:enter pressed. circle:hidden
2023-09-01 15:30:09,995:INFO:enter pressed. circle:hidden
2023-09-01 15:30:25,063:INFO:enter pressed. circle:hidden
2023-09-01 15:30:58,327:INFO:enter pressed. circle:hidden
2023-09-01 15:31:28,486:INFO:enter pressed. circle:hidden
2023-09-01 15:31:34,526:INFO:enter pressed. circle:hidden
2023-09-01 15:31:43,559:INFO:enter pressed. circle:hidden
2023-09-01 15:31:52,572:INFO:enter pressed. circle:hidden
2023-09-01 15:32:04,668:INFO:enter pressed. circle:hidden
2023-09-01 15:32:13,723:INFO:enter pressed. circle:hidden
2023-09-01 15:32:28,768:INFO:enter pressed. circle:hidden
2023-09-01 15:32:55,948:INFO:enter pressed. circle:hidden
2023-09-01 15:33:26,087:INFO:enter pressed. circle:hidden
2023-09-01 15:33:44,193:INFO:enter pressed. circle:hidden
2023-09-01 15:33:56,227:INFO:enter pressed. circle:hidden
2023-09-01 15:34:05,270:INFO:enter pressed. circle:hidden
2023-09-01 15:34:11,378:INFO:enter pressed. circle:hidden
2023-09-01 15:34:32,386:INFO:enter pressed. circle:hidden
2023-09-01 15:34:44,475:INFO:enter pressed. circle:hidden
2023-09-01 15:34:59,654:INFO:enter pressed. circle:hidden
2023-09-01 15:35:11,652:INFO:enter pressed. circle:hidden
2023-09-01 15:35:32,848:INFO:enter pressed. circle:hidden
2023-09-01 15:35:38,904:INFO:enter pressed. circle:hidden
2023-09-01 15:36:06,102:INFO:enter pressed. circle:hidden
2023-09-01 15:36:27,127:INFO:enter pressed. circle:hidden
2023-09-01 15:36:36,181:INFO:enter pressed. circle:hidden
2023-09-01 15:36:42,226:INFO:enter pressed. circle:hidden
2023-09-01 15:37:03,317:INFO:enter pressed. circle:hidden
2023-09-01 15:37:21,427:INFO:enter pressed. circle:hidden
2023-09-01 15:37:36,501:INFO:enter pressed. circle:hidden
2023-09-01 15:37:48,570:INFO:enter pressed. circle:hidden
2023-09-01 15:38:03,654:INFO:enter pressed. circle:hidden
2023-09-01 15:38:18,779:INFO:enter pressed. circle:hidden
2023-09-01 15:38:45,918:INFO:enter pressed. circle:hidden
2023-09-01 15:38:51,942:INFO:enter pressed. circle:hidden
2023-09-01 15:39:09,718:DEBUG:[4, 11, 14, 19, 25, 28, 33, 36, 45, 49, 56, 63, 66, 72, 77, 88, 98, 100, 103, 106, 110, 113, 118, 127, 137, 143, 147, 150, 152, 159, 163, 168, 172, 179, 181, 190, 197, 200, 202, 209, 215, 220, 224, 229, 234, 243, 245]

2023-09-05 08:55:20,975:INFO:enter pressed. circle:hidden
2023-09-05 08:55:36,019:INFO:enter pressed. circle:hidden
2023-09-05 08:55:54,105:INFO:enter pressed. circle:hidden
2023-09-05 08:56:00,389:INFO:enter pressed. circle:hidden
2023-09-05 08:56:09,184:INFO:enter pressed. circle:hidden
2023-09-05 08:56:27,232:INFO:enter pressed. circle:hidden
2023-09-05 08:56:39,366:INFO:enter pressed. circle:hidden
2023-09-05 08:56:48,374:INFO:enter pressed. circle:hidden
2023-09-05 08:56:54,416:INFO:enter pressed. circle:hidden
2023-09-05 08:57:03,456:INFO:enter pressed. circle:hidden
2023-09-05 08:57:15,505:INFO:enter pressed. circle:red
2023-09-05 08:57:21,691:INFO:enter pressed. circle:hidden
2023-09-05 08:57:30,645:INFO:enter pressed. circle:hidden
2023-09-05 08:57:45,719:INFO:enter pressed. circle:hidden
2023-09-05 08:57:51,807:INFO:enter pressed. circle:hidden
2023-09-05 08:57:57,801:INFO:enter pressed. circle:hidden
2023-09-05 08:58:21,945:INFO:enter pressed. circle:hidden
2023-09-05 08:58:46,086:INFO:enter pressed. circle:hidden
2023-09-05 08:58:52,121:INFO:enter pressed. circle:hidden
2023-09-05 08:59:07,216:INFO:enter pressed. circle:hidden
2023-09-05 08:59:22,257:INFO:enter pressed. circle:red
2023-09-05 09:00:13,696:INFO:enter pressed. circle:hidden
2023-09-05 09:00:34,787:INFO:enter pressed. circle:hidden
2023-09-05 09:00:58,843:INFO:enter pressed. circle:hidden
2023-09-05 09:01:10,935:INFO:enter pressed. circle:hidden
2023-09-05 09:01:16,917:INFO:enter pressed. circle:hidden
2023-09-05 09:01:41,134:INFO:enter pressed. circle:hidden
2023-09-05 09:01:50,164:INFO:enter pressed. circle:hidden
2023-09-05 09:02:05,245:INFO:enter pressed. circle:hidden
2023-09-05 09:02:20,272:INFO:enter pressed. circle:green
2023-09-05 09:02:47,447:INFO:enter pressed. circle:hidden
2023-09-05 09:02:56,512:INFO:enter pressed. circle:hidden
2023-09-05 09:03:23,726:INFO:enter pressed. circle:hidden
2023-09-05 09:03:29,691:INFO:enter pressed. circle:hidden
2023-09-05 09:03:59,917:INFO:enter pressed. circle:hidden
2023-09-05 09:04:21,014:INFO:enter pressed. circle:hidden
2023-09-05 09:04:27,023:INFO:enter pressed. circle:hidden
2023-09-05 09:04:39,194:INFO:enter pressed. circle:hidden
2023-09-05 09:04:53,867:DEBUG:[11, 16, 22, 24, 27, 33, 37, 40, 42, 45, 49, 51, 54, 59, 61, 63, 71, 79, 81, 86, 91, 108, 115, 123, 127, 129, 137, 140, 145, 159, 162, 171, 173, 183, 190, 192, 196]

2023-09-05 12:46:06,672:INFO:enter pressed. circle:hidden
2023-09-05 12:46:24,718:INFO:enter pressed. circle:hidden
2023-09-05 12:46:54,907:INFO:enter pressed. circle:hidden
2023-09-05 12:47:00,975:INFO:enter pressed. circle:hidden
2023-09-05 12:47:03,924:INFO:enter pressed. circle:hidden
2023-09-05 12:47:21,986:INFO:enter pressed. circle:hidden
2023-09-05 12:47:31,100:INFO:enter pressed. circle:hidden
2023-09-05 12:47:43,177:INFO:enter pressed. circle:hidden
2023-09-05 12:47:49,173:INFO:enter pressed. circle:hidden
2023-09-05 12:47:58,107:INFO:enter pressed. circle:hidden
2023-09-05 12:48:13,201:INFO:enter pressed. circle:hidden
2023-09-05 12:48:28,248:INFO:enter pressed. circle:hidden
2023-09-05 12:48:37,298:INFO:enter pressed. circle:hidden
2023-09-05 12:49:04,428:INFO:enter pressed. circle:hidden
2023-09-05 12:49:13,482:INFO:enter pressed. circle:hidden
2023-09-05 12:49:28,535:INFO:enter pressed. circle:hidden
2023-09-05 12:49:49,673:INFO:enter pressed. circle:hidden
2023-09-05 12:50:07,812:INFO:enter pressed. circle:hidden
2023-09-05 12:50:16,940:INFO:enter pressed. circle:hidden
2023-09-05 12:50:34,876:INFO:enter pressed. circle:red
2023-09-05 12:51:08,043:INFO:enter pressed. circle:hidden
2023-09-05 12:51:14,270:INFO:enter pressed. circle:hidden
2023-09-05 12:51:29,348:INFO:enter pressed. circle:hidden
2023-09-05 12:51:35,401:INFO:enter pressed. circle:hidden
2023-09-05 12:51:41,365:INFO:enter pressed. circle:hidden
2023-09-05 12:51:59,454:INFO:enter pressed. circle:hidden
2023-09-05 12:52:11,424:INFO:enter pressed. circle:hidden
2023-09-05 12:52:23,567:INFO:enter pressed. circle:hidden
2023-09-05 12:52:35,506:INFO:enter pressed. circle:hidden
2023-09-05 12:52:56,560:INFO:enter pressed. circle:red
2023-09-05 12:53:02,793:INFO:enter pressed. circle:hidden
2023-09-05 12:53:32,878:INFO:enter pressed. circle:hidden
2023-09-05 12:53:53,810:INFO:enter pressed. circle:hidden
2023-09-05 12:54:17,907:INFO:enter pressed. circle:red
2023-09-05 12:54:27,071:INFO:enter pressed. circle:hidden
2023-09-05 12:54:48,112:INFO:enter pressed. circle:hidden
2023-09-05 12:55:15,200:INFO:enter pressed. circle:hidden
2023-09-05 12:55:30,327:INFO:enter pressed. circle:hidden
2023-09-05 12:55:39,357:INFO:enter pressed. circle:hidden
2023-09-05 12:55:54,080:DEBUG:[6, 12, 22, 24, 31, 34, 38, 40, 43, 48, 53, 56, 65, 68, 73, 80, 86, 89, 95, 106, 108, 113, 115, 117, 123, 127, 131, 135, 142, 144, 154, 161, 169, 172, 179, 188, 193, 196]

2023-09-05 13:03:40,136:INFO:enter pressed. circle:green
2024-04-06 20:17:33,240:DEBUG:[7]

